<?xml version="1.0" encoding="UTF-8"?>
<testsuite name="ohtuesimerkki.StatisticsTest" tests="1" skipped="0" failures="0" errors="0" timestamp="2019-10-29T15:15:51" hostname="milla-ThinkPad-E580" time="0.003">
  <properties/>
  <testcase name="searchedRight" classname="ohtuesimerkki.StatisticsTest" time="0.003"/>
  <system-out><![CDATA[]]></system-out>
  <system-err><![CDATA[]]></system-err>
</testsuite>
