<?xml version="1.0" encoding="UTF-8"?>
<testsuite name="ohtuesimerkki.StatisticsTest" tests="5" skipped="0" failures="0" errors="0" timestamp="2019-10-28T18:26:52" hostname="milla-ThinkPad-E580" time="0.005">
  <properties/>
  <testcase name="searchReturnsNullWhenNotFound" classname="ohtuesimerkki.StatisticsTest" time="0.002"/>
  <testcase name="returnsRightTopscorersListSize" classname="ohtuesimerkki.StatisticsTest" time="0.001"/>
  <testcase name="returnsRightTopscorer" classname="ohtuesimerkki.StatisticsTest" time="0.0"/>
  <testcase name="searchedRight" classname="ohtuesimerkki.StatisticsTest" time="0.0"/>
  <testcase name="returnsRightTeam" classname="ohtuesimerkki.StatisticsTest" time="0.0"/>
  <system-out><![CDATA[[Gretzky              EDM 35 + 89 = 124, Lemieux              PIT 45 + 54 = 99]
]]></system-out>
  <system-err><![CDATA[]]></system-err>
</testsuite>
